Performing C SOURCE FILE Test check_c_compiler_flag__march_skylake failed with the following output:
Change Dir: /home/evan/openMVG_Build/CMakeFiles/CMakeTmp

Run Build Command(s):/bin/gmake cmTC_023ab/fast && /bin/gmake  -f CMakeFiles/cmTC_023ab.dir/build.make CMakeFiles/cmTC_023ab.dir/build
gmake[1]: Entering directory `/home/evan/openMVG_Build/CMakeFiles/CMakeTmp'
Building C object CMakeFiles/cmTC_023ab.dir/src.c.o
/bin/cc -Dcheck_c_compiler_flag__march_skylake  -march=skylake -o CMakeFiles/cmTC_023ab.dir/src.c.o -c /home/evan/openMVG_Build/CMakeFiles/CMakeTmp/src.c
/home/evan/openMVG_Build/CMakeFiles/CMakeTmp/src.c:1:0: error: bad value (skylake) for -march= switch
 int main() { return 0;}
 ^
gmake[1]: *** [CMakeFiles/cmTC_023ab.dir/src.c.o] Error 1
gmake[1]: Leaving directory `/home/evan/openMVG_Build/CMakeFiles/CMakeTmp'
gmake: *** [cmTC_023ab/fast] Error 2


Source file was:
int main() { return 0;}
Performing C++ SOURCE FILE Test check_cxx_compiler_flag__march_skylake failed with the following output:
Change Dir: /home/evan/openMVG_Build/CMakeFiles/CMakeTmp

Run Build Command(s):/bin/gmake cmTC_04e93/fast && /bin/gmake  -f CMakeFiles/cmTC_04e93.dir/build.make CMakeFiles/cmTC_04e93.dir/build
gmake[1]: Entering directory `/home/evan/openMVG_Build/CMakeFiles/CMakeTmp'
Building CXX object CMakeFiles/cmTC_04e93.dir/src.cxx.o
/bin/c++ -Dcheck_cxx_compiler_flag__march_skylake  -march=skylake -o CMakeFiles/cmTC_04e93.dir/src.cxx.o -c /home/evan/openMVG_Build/CMakeFiles/CMakeTmp/src.cxx
/home/evan/openMVG_Build/CMakeFiles/CMakeTmp/src.cxx:1:0: error: bad value (skylake) for -march= switch
 int main() { return 0;}
 ^
gmake[1]: *** [CMakeFiles/cmTC_04e93.dir/src.cxx.o] Error 1
gmake[1]: Leaving directory `/home/evan/openMVG_Build/CMakeFiles/CMakeTmp'
gmake: *** [cmTC_04e93/fast] Error 2


Source file was:
int main() { return 0;}
Performing C SOURCE FILE Test check_c_compiler_flag__march_broadwell failed with the following output:
Change Dir: /home/evan/openMVG_Build/CMakeFiles/CMakeTmp

Run Build Command(s):/bin/gmake cmTC_1b618/fast && /bin/gmake  -f CMakeFiles/cmTC_1b618.dir/build.make CMakeFiles/cmTC_1b618.dir/build
gmake[1]: Entering directory `/home/evan/openMVG_Build/CMakeFiles/CMakeTmp'
Building C object CMakeFiles/cmTC_1b618.dir/src.c.o
/bin/cc -Dcheck_c_compiler_flag__march_broadwell  -march=broadwell -o CMakeFiles/cmTC_1b618.dir/src.c.o -c /home/evan/openMVG_Build/CMakeFiles/CMakeTmp/src.c
/home/evan/openMVG_Build/CMakeFiles/CMakeTmp/src.c:1:0: error: bad value (broadwell) for -march= switch
 int main() { return 0;}
 ^
gmake[1]: *** [CMakeFiles/cmTC_1b618.dir/src.c.o] Error 1
gmake[1]: Leaving directory `/home/evan/openMVG_Build/CMakeFiles/CMakeTmp'
gmake: *** [cmTC_1b618/fast] Error 2


Source file was:
int main() { return 0;}
Performing C++ SOURCE FILE Test check_cxx_compiler_flag__march_broadwell failed with the following output:
Change Dir: /home/evan/openMVG_Build/CMakeFiles/CMakeTmp

Run Build Command(s):/bin/gmake cmTC_41bfc/fast && /bin/gmake  -f CMakeFiles/cmTC_41bfc.dir/build.make CMakeFiles/cmTC_41bfc.dir/build
gmake[1]: Entering directory `/home/evan/openMVG_Build/CMakeFiles/CMakeTmp'
Building CXX object CMakeFiles/cmTC_41bfc.dir/src.cxx.o
/bin/c++ -Dcheck_cxx_compiler_flag__march_broadwell  -march=broadwell -o CMakeFiles/cmTC_41bfc.dir/src.cxx.o -c /home/evan/openMVG_Build/CMakeFiles/CMakeTmp/src.cxx
/home/evan/openMVG_Build/CMakeFiles/CMakeTmp/src.cxx:1:0: error: bad value (broadwell) for -march= switch
 int main() { return 0;}
 ^
gmake[1]: *** [CMakeFiles/cmTC_41bfc.dir/src.cxx.o] Error 1
gmake[1]: Leaving directory `/home/evan/openMVG_Build/CMakeFiles/CMakeTmp'
gmake: *** [cmTC_41bfc/fast] Error 2


Source file was:
int main() { return 0;}
Performing C SOURCE FILE Test check_c_compiler_flag__march_haswell failed with the following output:
Change Dir: /home/evan/openMVG_Build/CMakeFiles/CMakeTmp

Run Build Command(s):/bin/gmake cmTC_a8af9/fast && /bin/gmake  -f CMakeFiles/cmTC_a8af9.dir/build.make CMakeFiles/cmTC_a8af9.dir/build
gmake[1]: Entering directory `/home/evan/openMVG_Build/CMakeFiles/CMakeTmp'
Building C object CMakeFiles/cmTC_a8af9.dir/src.c.o
/bin/cc -Dcheck_c_compiler_flag__march_haswell  -march=haswell -o CMakeFiles/cmTC_a8af9.dir/src.c.o -c /home/evan/openMVG_Build/CMakeFiles/CMakeTmp/src.c
/home/evan/openMVG_Build/CMakeFiles/CMakeTmp/src.c:1:0: error: bad value (haswell) for -march= switch
 int main() { return 0;}
 ^
gmake[1]: *** [CMakeFiles/cmTC_a8af9.dir/src.c.o] Error 1
gmake[1]: Leaving directory `/home/evan/openMVG_Build/CMakeFiles/CMakeTmp'
gmake: *** [cmTC_a8af9/fast] Error 2


Source file was:
int main() { return 0;}
Performing C++ SOURCE FILE Test check_cxx_compiler_flag__march_haswell failed with the following output:
Change Dir: /home/evan/openMVG_Build/CMakeFiles/CMakeTmp

Run Build Command(s):/bin/gmake cmTC_93a08/fast && /bin/gmake  -f CMakeFiles/cmTC_93a08.dir/build.make CMakeFiles/cmTC_93a08.dir/build
gmake[1]: Entering directory `/home/evan/openMVG_Build/CMakeFiles/CMakeTmp'
Building CXX object CMakeFiles/cmTC_93a08.dir/src.cxx.o
/bin/c++ -Dcheck_cxx_compiler_flag__march_haswell  -march=haswell -o CMakeFiles/cmTC_93a08.dir/src.cxx.o -c /home/evan/openMVG_Build/CMakeFiles/CMakeTmp/src.cxx
/home/evan/openMVG_Build/CMakeFiles/CMakeTmp/src.cxx:1:0: error: bad value (haswell) for -march= switch
 int main() { return 0;}
 ^
gmake[1]: *** [CMakeFiles/cmTC_93a08.dir/src.cxx.o] Error 1
gmake[1]: Leaving directory `/home/evan/openMVG_Build/CMakeFiles/CMakeTmp'
gmake: *** [cmTC_93a08/fast] Error 2


Source file was:
int main() { return 0;}
Performing C SOURCE FILE Test check_c_compiler_flag__mno_avx512f failed with the following output:
Change Dir: /home/evan/openMVG_Build/CMakeFiles/CMakeTmp

Run Build Command(s):/bin/gmake cmTC_0faf2/fast && /bin/gmake  -f CMakeFiles/cmTC_0faf2.dir/build.make CMakeFiles/cmTC_0faf2.dir/build
gmake[1]: Entering directory `/home/evan/openMVG_Build/CMakeFiles/CMakeTmp'
Building C object CMakeFiles/cmTC_0faf2.dir/src.c.o
/bin/cc -Dcheck_c_compiler_flag__mno_avx512f  -march=core-avx2 -msse2 -msse3 -mssse3 -msse4.1 -msse4.2 -mavx -mfma -mbmi2 -mavx2 -mno-sse4a -mno-xop -mno-fma4    -mno-avx512f -o CMakeFiles/cmTC_0faf2.dir/src.c.o -c /home/evan/openMVG_Build/CMakeFiles/CMakeTmp/src.c
cc: error: unrecognized command line option ‘-mno-avx512f’
gmake[1]: *** [CMakeFiles/cmTC_0faf2.dir/src.c.o] Error 1
gmake[1]: Leaving directory `/home/evan/openMVG_Build/CMakeFiles/CMakeTmp'
gmake: *** [cmTC_0faf2/fast] Error 2


Source file was:
int main() { return 0;}
Performing C++ SOURCE FILE Test check_cxx_compiler_flag__mno_avx512f failed with the following output:
Change Dir: /home/evan/openMVG_Build/CMakeFiles/CMakeTmp

Run Build Command(s):/bin/gmake cmTC_55289/fast && /bin/gmake  -f CMakeFiles/cmTC_55289.dir/build.make CMakeFiles/cmTC_55289.dir/build
gmake[1]: Entering directory `/home/evan/openMVG_Build/CMakeFiles/CMakeTmp'
Building CXX object CMakeFiles/cmTC_55289.dir/src.cxx.o
/bin/c++ -Dcheck_cxx_compiler_flag__mno_avx512f  -march=core-avx2 -msse2 -msse3 -mssse3 -msse4.1 -msse4.2 -mavx -mfma -mbmi2 -mavx2 -mno-sse4a -mno-xop -mno-fma4    -mno-avx512f -o CMakeFiles/cmTC_55289.dir/src.cxx.o -c /home/evan/openMVG_Build/CMakeFiles/CMakeTmp/src.cxx
c++: error: unrecognized command line option ‘-mno-avx512f’
gmake[1]: *** [CMakeFiles/cmTC_55289.dir/src.cxx.o] Error 1
gmake[1]: Leaving directory `/home/evan/openMVG_Build/CMakeFiles/CMakeTmp'
gmake: *** [cmTC_55289/fast] Error 2


Source file was:
int main() { return 0;}
Performing C SOURCE FILE Test check_c_compiler_flag__mno_avx512vl failed with the following output:
Change Dir: /home/evan/openMVG_Build/CMakeFiles/CMakeTmp

Run Build Command(s):/bin/gmake cmTC_c104c/fast && /bin/gmake  -f CMakeFiles/cmTC_c104c.dir/build.make CMakeFiles/cmTC_c104c.dir/build
gmake[1]: Entering directory `/home/evan/openMVG_Build/CMakeFiles/CMakeTmp'
Building C object CMakeFiles/cmTC_c104c.dir/src.c.o
/bin/cc -Dcheck_c_compiler_flag__mno_avx512vl  -march=core-avx2 -msse2 -msse3 -mssse3 -msse4.1 -msse4.2 -mavx -mfma -mbmi2 -mavx2 -mno-sse4a -mno-xop -mno-fma4    -mno-avx512vl -o CMakeFiles/cmTC_c104c.dir/src.c.o -c /home/evan/openMVG_Build/CMakeFiles/CMakeTmp/src.c
cc: error: unrecognized command line option ‘-mno-avx512vl’
gmake[1]: *** [CMakeFiles/cmTC_c104c.dir/src.c.o] Error 1
gmake[1]: Leaving directory `/home/evan/openMVG_Build/CMakeFiles/CMakeTmp'
gmake: *** [cmTC_c104c/fast] Error 2


Source file was:
int main() { return 0;}
Performing C++ SOURCE FILE Test check_cxx_compiler_flag__mno_avx512vl failed with the following output:
Change Dir: /home/evan/openMVG_Build/CMakeFiles/CMakeTmp

Run Build Command(s):/bin/gmake cmTC_f6137/fast && /bin/gmake  -f CMakeFiles/cmTC_f6137.dir/build.make CMakeFiles/cmTC_f6137.dir/build
gmake[1]: Entering directory `/home/evan/openMVG_Build/CMakeFiles/CMakeTmp'
Building CXX object CMakeFiles/cmTC_f6137.dir/src.cxx.o
/bin/c++ -Dcheck_cxx_compiler_flag__mno_avx512vl  -march=core-avx2 -msse2 -msse3 -mssse3 -msse4.1 -msse4.2 -mavx -mfma -mbmi2 -mavx2 -mno-sse4a -mno-xop -mno-fma4    -mno-avx512vl -o CMakeFiles/cmTC_f6137.dir/src.cxx.o -c /home/evan/openMVG_Build/CMakeFiles/CMakeTmp/src.cxx
c++: error: unrecognized command line option ‘-mno-avx512vl’
gmake[1]: *** [CMakeFiles/cmTC_f6137.dir/src.cxx.o] Error 1
gmake[1]: Leaving directory `/home/evan/openMVG_Build/CMakeFiles/CMakeTmp'
gmake: *** [cmTC_f6137/fast] Error 2


Source file was:
int main() { return 0;}
Performing C SOURCE FILE Test check_c_compiler_flag__mno_avx512pf failed with the following output:
Change Dir: /home/evan/openMVG_Build/CMakeFiles/CMakeTmp

Run Build Command(s):/bin/gmake cmTC_01dd1/fast && /bin/gmake  -f CMakeFiles/cmTC_01dd1.dir/build.make CMakeFiles/cmTC_01dd1.dir/build
gmake[1]: Entering directory `/home/evan/openMVG_Build/CMakeFiles/CMakeTmp'
Building C object CMakeFiles/cmTC_01dd1.dir/src.c.o
/bin/cc -Dcheck_c_compiler_flag__mno_avx512pf  -march=core-avx2 -msse2 -msse3 -mssse3 -msse4.1 -msse4.2 -mavx -mfma -mbmi2 -mavx2 -mno-sse4a -mno-xop -mno-fma4    -mno-avx512pf -o CMakeFiles/cmTC_01dd1.dir/src.c.o -c /home/evan/openMVG_Build/CMakeFiles/CMakeTmp/src.c
cc: error: unrecognized command line option ‘-mno-avx512pf’
gmake[1]: *** [CMakeFiles/cmTC_01dd1.dir/src.c.o] Error 1
gmake[1]: Leaving directory `/home/evan/openMVG_Build/CMakeFiles/CMakeTmp'
gmake: *** [cmTC_01dd1/fast] Error 2


Source file was:
int main() { return 0;}
Performing C++ SOURCE FILE Test check_cxx_compiler_flag__mno_avx512pf failed with the following output:
Change Dir: /home/evan/openMVG_Build/CMakeFiles/CMakeTmp

Run Build Command(s):/bin/gmake cmTC_5056b/fast && /bin/gmake  -f CMakeFiles/cmTC_5056b.dir/build.make CMakeFiles/cmTC_5056b.dir/build
gmake[1]: Entering directory `/home/evan/openMVG_Build/CMakeFiles/CMakeTmp'
Building CXX object CMakeFiles/cmTC_5056b.dir/src.cxx.o
/bin/c++ -Dcheck_cxx_compiler_flag__mno_avx512pf  -march=core-avx2 -msse2 -msse3 -mssse3 -msse4.1 -msse4.2 -mavx -mfma -mbmi2 -mavx2 -mno-sse4a -mno-xop -mno-fma4    -mno-avx512pf -o CMakeFiles/cmTC_5056b.dir/src.cxx.o -c /home/evan/openMVG_Build/CMakeFiles/CMakeTmp/src.cxx
c++: error: unrecognized command line option ‘-mno-avx512pf’
gmake[1]: *** [CMakeFiles/cmTC_5056b.dir/src.cxx.o] Error 1
gmake[1]: Leaving directory `/home/evan/openMVG_Build/CMakeFiles/CMakeTmp'
gmake: *** [cmTC_5056b/fast] Error 2


Source file was:
int main() { return 0;}
Performing C SOURCE FILE Test check_c_compiler_flag__mno_avx512er failed with the following output:
Change Dir: /home/evan/openMVG_Build/CMakeFiles/CMakeTmp

Run Build Command(s):/bin/gmake cmTC_9d06f/fast && /bin/gmake  -f CMakeFiles/cmTC_9d06f.dir/build.make CMakeFiles/cmTC_9d06f.dir/build
gmake[1]: Entering directory `/home/evan/openMVG_Build/CMakeFiles/CMakeTmp'
Building C object CMakeFiles/cmTC_9d06f.dir/src.c.o
/bin/cc -Dcheck_c_compiler_flag__mno_avx512er  -march=core-avx2 -msse2 -msse3 -mssse3 -msse4.1 -msse4.2 -mavx -mfma -mbmi2 -mavx2 -mno-sse4a -mno-xop -mno-fma4    -mno-avx512er -o CMakeFiles/cmTC_9d06f.dir/src.c.o -c /home/evan/openMVG_Build/CMakeFiles/CMakeTmp/src.c
cc: error: unrecognized command line option ‘-mno-avx512er’
gmake[1]: *** [CMakeFiles/cmTC_9d06f.dir/src.c.o] Error 1
gmake[1]: Leaving directory `/home/evan/openMVG_Build/CMakeFiles/CMakeTmp'
gmake: *** [cmTC_9d06f/fast] Error 2


Source file was:
int main() { return 0;}
Performing C++ SOURCE FILE Test check_cxx_compiler_flag__mno_avx512er failed with the following output:
Change Dir: /home/evan/openMVG_Build/CMakeFiles/CMakeTmp

Run Build Command(s):/bin/gmake cmTC_26bf0/fast && /bin/gmake  -f CMakeFiles/cmTC_26bf0.dir/build.make CMakeFiles/cmTC_26bf0.dir/build
gmake[1]: Entering directory `/home/evan/openMVG_Build/CMakeFiles/CMakeTmp'
Building CXX object CMakeFiles/cmTC_26bf0.dir/src.cxx.o
/bin/c++ -Dcheck_cxx_compiler_flag__mno_avx512er  -march=core-avx2 -msse2 -msse3 -mssse3 -msse4.1 -msse4.2 -mavx -mfma -mbmi2 -mavx2 -mno-sse4a -mno-xop -mno-fma4    -mno-avx512er -o CMakeFiles/cmTC_26bf0.dir/src.cxx.o -c /home/evan/openMVG_Build/CMakeFiles/CMakeTmp/src.cxx
c++: error: unrecognized command line option ‘-mno-avx512er’
gmake[1]: *** [CMakeFiles/cmTC_26bf0.dir/src.cxx.o] Error 1
gmake[1]: Leaving directory `/home/evan/openMVG_Build/CMakeFiles/CMakeTmp'
gmake: *** [cmTC_26bf0/fast] Error 2


Source file was:
int main() { return 0;}
Performing C SOURCE FILE Test check_c_compiler_flag__mno_avx512cd failed with the following output:
Change Dir: /home/evan/openMVG_Build/CMakeFiles/CMakeTmp

Run Build Command(s):/bin/gmake cmTC_5ef96/fast && /bin/gmake  -f CMakeFiles/cmTC_5ef96.dir/build.make CMakeFiles/cmTC_5ef96.dir/build
gmake[1]: Entering directory `/home/evan/openMVG_Build/CMakeFiles/CMakeTmp'
Building C object CMakeFiles/cmTC_5ef96.dir/src.c.o
/bin/cc -Dcheck_c_compiler_flag__mno_avx512cd  -march=core-avx2 -msse2 -msse3 -mssse3 -msse4.1 -msse4.2 -mavx -mfma -mbmi2 -mavx2 -mno-sse4a -mno-xop -mno-fma4    -mno-avx512cd -o CMakeFiles/cmTC_5ef96.dir/src.c.o -c /home/evan/openMVG_Build/CMakeFiles/CMakeTmp/src.c
cc: error: unrecognized command line option ‘-mno-avx512cd’
gmake[1]: *** [CMakeFiles/cmTC_5ef96.dir/src.c.o] Error 1
gmake[1]: Leaving directory `/home/evan/openMVG_Build/CMakeFiles/CMakeTmp'
gmake: *** [cmTC_5ef96/fast] Error 2


Source file was:
int main() { return 0;}
Performing C++ SOURCE FILE Test check_cxx_compiler_flag__mno_avx512cd failed with the following output:
Change Dir: /home/evan/openMVG_Build/CMakeFiles/CMakeTmp

Run Build Command(s):/bin/gmake cmTC_6b716/fast && /bin/gmake  -f CMakeFiles/cmTC_6b716.dir/build.make CMakeFiles/cmTC_6b716.dir/build
gmake[1]: Entering directory `/home/evan/openMVG_Build/CMakeFiles/CMakeTmp'
Building CXX object CMakeFiles/cmTC_6b716.dir/src.cxx.o
/bin/c++ -Dcheck_cxx_compiler_flag__mno_avx512cd  -march=core-avx2 -msse2 -msse3 -mssse3 -msse4.1 -msse4.2 -mavx -mfma -mbmi2 -mavx2 -mno-sse4a -mno-xop -mno-fma4    -mno-avx512cd -o CMakeFiles/cmTC_6b716.dir/src.cxx.o -c /home/evan/openMVG_Build/CMakeFiles/CMakeTmp/src.cxx
c++: error: unrecognized command line option ‘-mno-avx512cd’
gmake[1]: *** [CMakeFiles/cmTC_6b716.dir/src.cxx.o] Error 1
gmake[1]: Leaving directory `/home/evan/openMVG_Build/CMakeFiles/CMakeTmp'
gmake: *** [cmTC_6b716/fast] Error 2


Source file was:
int main() { return 0;}
Performing C SOURCE FILE Test check_c_compiler_flag__mno_avx512dq failed with the following output:
Change Dir: /home/evan/openMVG_Build/CMakeFiles/CMakeTmp

Run Build Command(s):/bin/gmake cmTC_d09ff/fast && /bin/gmake  -f CMakeFiles/cmTC_d09ff.dir/build.make CMakeFiles/cmTC_d09ff.dir/build
gmake[1]: Entering directory `/home/evan/openMVG_Build/CMakeFiles/CMakeTmp'
Building C object CMakeFiles/cmTC_d09ff.dir/src.c.o
/bin/cc -Dcheck_c_compiler_flag__mno_avx512dq  -march=core-avx2 -msse2 -msse3 -mssse3 -msse4.1 -msse4.2 -mavx -mfma -mbmi2 -mavx2 -mno-sse4a -mno-xop -mno-fma4    -mno-avx512dq -o CMakeFiles/cmTC_d09ff.dir/src.c.o -c /home/evan/openMVG_Build/CMakeFiles/CMakeTmp/src.c
cc: error: unrecognized command line option ‘-mno-avx512dq’
gmake[1]: *** [CMakeFiles/cmTC_d09ff.dir/src.c.o] Error 1
gmake[1]: Leaving directory `/home/evan/openMVG_Build/CMakeFiles/CMakeTmp'
gmake: *** [cmTC_d09ff/fast] Error 2


Source file was:
int main() { return 0;}
Performing C++ SOURCE FILE Test check_cxx_compiler_flag__mno_avx512dq failed with the following output:
Change Dir: /home/evan/openMVG_Build/CMakeFiles/CMakeTmp

Run Build Command(s):/bin/gmake cmTC_387a9/fast && /bin/gmake  -f CMakeFiles/cmTC_387a9.dir/build.make CMakeFiles/cmTC_387a9.dir/build
gmake[1]: Entering directory `/home/evan/openMVG_Build/CMakeFiles/CMakeTmp'
Building CXX object CMakeFiles/cmTC_387a9.dir/src.cxx.o
/bin/c++ -Dcheck_cxx_compiler_flag__mno_avx512dq  -march=core-avx2 -msse2 -msse3 -mssse3 -msse4.1 -msse4.2 -mavx -mfma -mbmi2 -mavx2 -mno-sse4a -mno-xop -mno-fma4    -mno-avx512dq -o CMakeFiles/cmTC_387a9.dir/src.cxx.o -c /home/evan/openMVG_Build/CMakeFiles/CMakeTmp/src.cxx
c++: error: unrecognized command line option ‘-mno-avx512dq’
gmake[1]: *** [CMakeFiles/cmTC_387a9.dir/src.cxx.o] Error 1
gmake[1]: Leaving directory `/home/evan/openMVG_Build/CMakeFiles/CMakeTmp'
gmake: *** [cmTC_387a9/fast] Error 2


Source file was:
int main() { return 0;}
Performing C SOURCE FILE Test check_c_compiler_flag__mno_avx512bw failed with the following output:
Change Dir: /home/evan/openMVG_Build/CMakeFiles/CMakeTmp

Run Build Command(s):/bin/gmake cmTC_62574/fast && /bin/gmake  -f CMakeFiles/cmTC_62574.dir/build.make CMakeFiles/cmTC_62574.dir/build
gmake[1]: Entering directory `/home/evan/openMVG_Build/CMakeFiles/CMakeTmp'
Building C object CMakeFiles/cmTC_62574.dir/src.c.o
/bin/cc -Dcheck_c_compiler_flag__mno_avx512bw  -march=core-avx2 -msse2 -msse3 -mssse3 -msse4.1 -msse4.2 -mavx -mfma -mbmi2 -mavx2 -mno-sse4a -mno-xop -mno-fma4    -mno-avx512bw -o CMakeFiles/cmTC_62574.dir/src.c.o -c /home/evan/openMVG_Build/CMakeFiles/CMakeTmp/src.c
cc: error: unrecognized command line option ‘-mno-avx512bw’
gmake[1]: *** [CMakeFiles/cmTC_62574.dir/src.c.o] Error 1
gmake[1]: Leaving directory `/home/evan/openMVG_Build/CMakeFiles/CMakeTmp'
gmake: *** [cmTC_62574/fast] Error 2


Source file was:
int main() { return 0;}
Performing C++ SOURCE FILE Test check_cxx_compiler_flag__mno_avx512bw failed with the following output:
Change Dir: /home/evan/openMVG_Build/CMakeFiles/CMakeTmp

Run Build Command(s):/bin/gmake cmTC_7cfbd/fast && /bin/gmake  -f CMakeFiles/cmTC_7cfbd.dir/build.make CMakeFiles/cmTC_7cfbd.dir/build
gmake[1]: Entering directory `/home/evan/openMVG_Build/CMakeFiles/CMakeTmp'
Building CXX object CMakeFiles/cmTC_7cfbd.dir/src.cxx.o
/bin/c++ -Dcheck_cxx_compiler_flag__mno_avx512bw  -march=core-avx2 -msse2 -msse3 -mssse3 -msse4.1 -msse4.2 -mavx -mfma -mbmi2 -mavx2 -mno-sse4a -mno-xop -mno-fma4    -mno-avx512bw -o CMakeFiles/cmTC_7cfbd.dir/src.cxx.o -c /home/evan/openMVG_Build/CMakeFiles/CMakeTmp/src.cxx
c++: error: unrecognized command line option ‘-mno-avx512bw’
gmake[1]: *** [CMakeFiles/cmTC_7cfbd.dir/src.cxx.o] Error 1
gmake[1]: Leaving directory `/home/evan/openMVG_Build/CMakeFiles/CMakeTmp'
gmake: *** [cmTC_7cfbd/fast] Error 2


Source file was:
int main() { return 0;}
Performing C SOURCE FILE Test check_c_compiler_flag__mno_avx512ifma failed with the following output:
Change Dir: /home/evan/openMVG_Build/CMakeFiles/CMakeTmp

Run Build Command(s):/bin/gmake cmTC_81ffe/fast && /bin/gmake  -f CMakeFiles/cmTC_81ffe.dir/build.make CMakeFiles/cmTC_81ffe.dir/build
gmake[1]: Entering directory `/home/evan/openMVG_Build/CMakeFiles/CMakeTmp'
Building C object CMakeFiles/cmTC_81ffe.dir/src.c.o
/bin/cc -Dcheck_c_compiler_flag__mno_avx512ifma  -march=core-avx2 -msse2 -msse3 -mssse3 -msse4.1 -msse4.2 -mavx -mfma -mbmi2 -mavx2 -mno-sse4a -mno-xop -mno-fma4    -mno-avx512ifma -o CMakeFiles/cmTC_81ffe.dir/src.c.o -c /home/evan/openMVG_Build/CMakeFiles/CMakeTmp/src.c
cc: error: unrecognized command line option ‘-mno-avx512ifma’
gmake[1]: *** [CMakeFiles/cmTC_81ffe.dir/src.c.o] Error 1
gmake[1]: Leaving directory `/home/evan/openMVG_Build/CMakeFiles/CMakeTmp'
gmake: *** [cmTC_81ffe/fast] Error 2


Source file was:
int main() { return 0;}
Performing C++ SOURCE FILE Test check_cxx_compiler_flag__mno_avx512ifma failed with the following output:
Change Dir: /home/evan/openMVG_Build/CMakeFiles/CMakeTmp

Run Build Command(s):/bin/gmake cmTC_294ee/fast && /bin/gmake  -f CMakeFiles/cmTC_294ee.dir/build.make CMakeFiles/cmTC_294ee.dir/build
gmake[1]: Entering directory `/home/evan/openMVG_Build/CMakeFiles/CMakeTmp'
Building CXX object CMakeFiles/cmTC_294ee.dir/src.cxx.o
/bin/c++ -Dcheck_cxx_compiler_flag__mno_avx512ifma  -march=core-avx2 -msse2 -msse3 -mssse3 -msse4.1 -msse4.2 -mavx -mfma -mbmi2 -mavx2 -mno-sse4a -mno-xop -mno-fma4    -mno-avx512ifma -o CMakeFiles/cmTC_294ee.dir/src.cxx.o -c /home/evan/openMVG_Build/CMakeFiles/CMakeTmp/src.cxx
c++: error: unrecognized command line option ‘-mno-avx512ifma’
gmake[1]: *** [CMakeFiles/cmTC_294ee.dir/src.cxx.o] Error 1
gmake[1]: Leaving directory `/home/evan/openMVG_Build/CMakeFiles/CMakeTmp'
gmake: *** [cmTC_294ee/fast] Error 2


Source file was:
int main() { return 0;}
Performing C SOURCE FILE Test check_c_compiler_flag__mno_avx512vbmi failed with the following output:
Change Dir: /home/evan/openMVG_Build/CMakeFiles/CMakeTmp

Run Build Command(s):/bin/gmake cmTC_c5122/fast && /bin/gmake  -f CMakeFiles/cmTC_c5122.dir/build.make CMakeFiles/cmTC_c5122.dir/build
gmake[1]: Entering directory `/home/evan/openMVG_Build/CMakeFiles/CMakeTmp'
Building C object CMakeFiles/cmTC_c5122.dir/src.c.o
/bin/cc -Dcheck_c_compiler_flag__mno_avx512vbmi  -march=core-avx2 -msse2 -msse3 -mssse3 -msse4.1 -msse4.2 -mavx -mfma -mbmi2 -mavx2 -mno-sse4a -mno-xop -mno-fma4    -mno-avx512vbmi -o CMakeFiles/cmTC_c5122.dir/src.c.o -c /home/evan/openMVG_Build/CMakeFiles/CMakeTmp/src.c
cc: error: unrecognized command line option ‘-mno-avx512vbmi’
gmake[1]: *** [CMakeFiles/cmTC_c5122.dir/src.c.o] Error 1
gmake[1]: Leaving directory `/home/evan/openMVG_Build/CMakeFiles/CMakeTmp'
gmake: *** [cmTC_c5122/fast] Error 2


Source file was:
int main() { return 0;}
Performing C++ SOURCE FILE Test check_cxx_compiler_flag__mno_avx512vbmi failed with the following output:
Change Dir: /home/evan/openMVG_Build/CMakeFiles/CMakeTmp

Run Build Command(s):/bin/gmake cmTC_ccf6a/fast && /bin/gmake  -f CMakeFiles/cmTC_ccf6a.dir/build.make CMakeFiles/cmTC_ccf6a.dir/build
gmake[1]: Entering directory `/home/evan/openMVG_Build/CMakeFiles/CMakeTmp'
Building CXX object CMakeFiles/cmTC_ccf6a.dir/src.cxx.o
/bin/c++ -Dcheck_cxx_compiler_flag__mno_avx512vbmi  -march=core-avx2 -msse2 -msse3 -mssse3 -msse4.1 -msse4.2 -mavx -mfma -mbmi2 -mavx2 -mno-sse4a -mno-xop -mno-fma4    -mno-avx512vbmi -o CMakeFiles/cmTC_ccf6a.dir/src.cxx.o -c /home/evan/openMVG_Build/CMakeFiles/CMakeTmp/src.cxx
c++: error: unrecognized command line option ‘-mno-avx512vbmi’
gmake[1]: *** [CMakeFiles/cmTC_ccf6a.dir/src.cxx.o] Error 1
gmake[1]: Leaving directory `/home/evan/openMVG_Build/CMakeFiles/CMakeTmp'
gmake: *** [cmTC_ccf6a/fast] Error 2


Source file was:
int main() { return 0;}
Performing C SOURCE FILE Test CMAKE_HAVE_LIBC_PTHREAD failed with the following output:
Change Dir: /home/evan/openMVG_Build/CMakeFiles/CMakeTmp

Run Build Command(s):/bin/gmake cmTC_98c48/fast && /bin/gmake  -f CMakeFiles/cmTC_98c48.dir/build.make CMakeFiles/cmTC_98c48.dir/build
gmake[1]: Entering directory `/home/evan/openMVG_Build/CMakeFiles/CMakeTmp'
Building C object CMakeFiles/cmTC_98c48.dir/src.c.o
/bin/cc -DCMAKE_HAVE_LIBC_PTHREAD  -march=core-avx2 -msse2 -msse3 -mssse3 -msse4.1 -msse4.2 -mavx -mfma -mbmi2 -mavx2 -mno-sse4a -mno-xop -mno-fma4  -o CMakeFiles/cmTC_98c48.dir/src.c.o -c /home/evan/openMVG_Build/CMakeFiles/CMakeTmp/src.c
Linking C executable cmTC_98c48
/usr/local/bin/cmake -E cmake_link_script CMakeFiles/cmTC_98c48.dir/link.txt --verbose=1
/bin/cc  -march=core-avx2 -msse2 -msse3 -mssse3 -msse4.1 -msse4.2 -mavx -mfma -mbmi2 -mavx2 -mno-sse4a -mno-xop -mno-fma4  -rdynamic CMakeFiles/cmTC_98c48.dir/src.c.o -o cmTC_98c48 
CMakeFiles/cmTC_98c48.dir/src.c.o: In function `main':
src.c:(.text+0x2d): undefined reference to `pthread_create'
src.c:(.text+0x39): undefined reference to `pthread_detach'
src.c:(.text+0x45): undefined reference to `pthread_cancel'
src.c:(.text+0x56): undefined reference to `pthread_join'
src.c:(.text+0x6a): undefined reference to `pthread_atfork'
collect2: error: ld returned 1 exit status
gmake[1]: *** [cmTC_98c48] Error 1
gmake[1]: Leaving directory `/home/evan/openMVG_Build/CMakeFiles/CMakeTmp'
gmake: *** [cmTC_98c48/fast] Error 2


Source file was:
#include <pthread.h>

static void* test_func(void* data)
{
  return data;
}

int main(void)
{
  pthread_t thread;
  pthread_create(&thread, NULL, test_func, NULL);
  pthread_detach(thread);
  pthread_cancel(thread);
  pthread_join(thread, NULL);
  pthread_atfork(NULL, NULL, NULL);
  pthread_exit(NULL);

  return 0;
}

Determining if the function pthread_create exists in the pthreads failed with the following output:
Change Dir: /home/evan/openMVG_Build/CMakeFiles/CMakeTmp

Run Build Command(s):/bin/gmake cmTC_d1316/fast && /bin/gmake  -f CMakeFiles/cmTC_d1316.dir/build.make CMakeFiles/cmTC_d1316.dir/build
gmake[1]: Entering directory `/home/evan/openMVG_Build/CMakeFiles/CMakeTmp'
Building C object CMakeFiles/cmTC_d1316.dir/CheckFunctionExists.c.o
/bin/cc   -march=core-avx2 -msse2 -msse3 -mssse3 -msse4.1 -msse4.2 -mavx -mfma -mbmi2 -mavx2 -mno-sse4a -mno-xop -mno-fma4 -DCHECK_FUNCTION_EXISTS=pthread_create -o CMakeFiles/cmTC_d1316.dir/CheckFunctionExists.c.o -c /usr/local/share/cmake-3.19/Modules/CheckFunctionExists.c
Linking C executable cmTC_d1316
/usr/local/bin/cmake -E cmake_link_script CMakeFiles/cmTC_d1316.dir/link.txt --verbose=1
/bin/cc  -march=core-avx2 -msse2 -msse3 -mssse3 -msse4.1 -msse4.2 -mavx -mfma -mbmi2 -mavx2 -mno-sse4a -mno-xop -mno-fma4 -DCHECK_FUNCTION_EXISTS=pthread_create -rdynamic CMakeFiles/cmTC_d1316.dir/CheckFunctionExists.c.o -o cmTC_d1316  -lpthreads 
/bin/ld: cannot find -lpthreads
collect2: error: ld returned 1 exit status
gmake[1]: *** [cmTC_d1316] Error 1
gmake[1]: Leaving directory `/home/evan/openMVG_Build/CMakeFiles/CMakeTmp'
gmake: *** [cmTC_d1316/fast] Error 2



Determining if the function sgemm_ exists failed with the following output:
Change Dir: /home/evan/openMVG_Build/CMakeFiles/CMakeTmp

Run Build Command(s):/bin/gmake cmTC_a4ec9/fast && /bin/gmake  -f CMakeFiles/cmTC_a4ec9.dir/build.make CMakeFiles/cmTC_a4ec9.dir/build
gmake[1]: Entering directory `/home/evan/openMVG_Build/CMakeFiles/CMakeTmp'
Building C object CMakeFiles/cmTC_a4ec9.dir/CheckFunctionExists.c.o
/bin/cc   -march=core-avx2 -msse2 -msse3 -mssse3 -msse4.1 -msse4.2 -mavx -mfma -mbmi2 -mavx2 -mno-sse4a -mno-xop -mno-fma4 -DCHECK_FUNCTION_EXISTS=sgemm_ -o CMakeFiles/cmTC_a4ec9.dir/CheckFunctionExists.c.o -c /usr/local/share/cmake-3.19/Modules/CheckFunctionExists.c
Linking C executable cmTC_a4ec9
/usr/local/bin/cmake -E cmake_link_script CMakeFiles/cmTC_a4ec9.dir/link.txt --verbose=1
/bin/cc  -march=core-avx2 -msse2 -msse3 -mssse3 -msse4.1 -msse4.2 -mavx -mfma -mbmi2 -mavx2 -mno-sse4a -mno-xop -mno-fma4 -DCHECK_FUNCTION_EXISTS=sgemm_ -rdynamic CMakeFiles/cmTC_a4ec9.dir/CheckFunctionExists.c.o -o cmTC_a4ec9 
CMakeFiles/cmTC_a4ec9.dir/CheckFunctionExists.c.o: In function `main':
CheckFunctionExists.c:(.text+0x10): undefined reference to `sgemm_'
collect2: error: ld returned 1 exit status
gmake[1]: *** [cmTC_a4ec9] Error 1
gmake[1]: Leaving directory `/home/evan/openMVG_Build/CMakeFiles/CMakeTmp'
gmake: *** [cmTC_a4ec9/fast] Error 2



Determining if the include file unordered_map exists failed with the following output:
Change Dir: /home/evan/openMVG_Build/CMakeFiles/CMakeTmp

Run Build Command(s):/bin/gmake cmTC_40ea5/fast && /bin/gmake  -f CMakeFiles/cmTC_40ea5.dir/build.make CMakeFiles/cmTC_40ea5.dir/build
gmake[1]: Entering directory `/home/evan/openMVG_Build/CMakeFiles/CMakeTmp'
Building CXX object CMakeFiles/cmTC_40ea5.dir/CheckIncludeFile.cxx.o
/bin/c++   -march=core-avx2 -msse2 -msse3 -mssse3 -msse4.1 -msse4.2 -mavx -mfma -mbmi2 -mavx2 -mno-sse4a -mno-xop -mno-fma4 -fopenmp -fopenmp  -march=core-avx2 -msse2 -msse3 -mssse3 -msse4.1 -msse4.2 -mavx -mfma -mbmi2 -mavx2 -mno-sse4a -mno-xop -mno-fma4 -fopenmp -fopenmp -o CMakeFiles/cmTC_40ea5.dir/CheckIncludeFile.cxx.o -c /home/evan/openMVG_Build/CMakeFiles/CMakeTmp/CheckIncludeFile.cxx
In file included from /usr/include/c++/4.8.2/unordered_map:35:0,
                 from /home/evan/openMVG_Build/CMakeFiles/CMakeTmp/CheckIncludeFile.cxx:1:
/usr/include/c++/4.8.2/bits/c++0x_warning.h:32:2: error: #error This file requires compiler and library support for the ISO C++ 2011 standard. This support is currently experimental, and must be enabled with the -std=c++11 or -std=gnu++11 compiler options.
 #error This file requires compiler and library support for the \
  ^
gmake[1]: *** [CMakeFiles/cmTC_40ea5.dir/CheckIncludeFile.cxx.o] Error 1
gmake[1]: Leaving directory `/home/evan/openMVG_Build/CMakeFiles/CMakeTmp'
gmake: *** [cmTC_40ea5/fast] Error 2



Performing C++ SOURCE FILE Test HAVE_SHARED_PTR_IN_STD_NAMESPACE failed with the following output:
Change Dir: /home/evan/openMVG_Build/CMakeFiles/CMakeTmp

Run Build Command(s):/bin/gmake cmTC_e9e29/fast && /bin/gmake  -f CMakeFiles/cmTC_e9e29.dir/build.make CMakeFiles/cmTC_e9e29.dir/build
gmake[1]: Entering directory `/home/evan/openMVG_Build/CMakeFiles/CMakeTmp'
Building CXX object CMakeFiles/cmTC_e9e29.dir/src.cxx.o
/bin/c++ -DHAVE_SHARED_PTR_IN_STD_NAMESPACE  -march=core-avx2 -msse2 -msse3 -mssse3 -msse4.1 -msse4.2 -mavx -mfma -mbmi2 -mavx2 -mno-sse4a -mno-xop -mno-fma4 -fopenmp -fopenmp  -march=core-avx2 -msse2 -msse3 -mssse3 -msse4.1 -msse4.2 -mavx -mfma -mbmi2 -mavx2 -mno-sse4a -mno-xop -mno-fma4 -fopenmp -fopenmp -o CMakeFiles/cmTC_e9e29.dir/src.cxx.o -c /home/evan/openMVG_Build/CMakeFiles/CMakeTmp/src.cxx
/home/evan/openMVG_Build/CMakeFiles/CMakeTmp/src.cxx: In function ‘int main()’:
/home/evan/openMVG_Build/CMakeFiles/CMakeTmp/src.cxx:3:34: error: ‘shared_ptr’ is not a member of ‘std’
                                  std::shared_ptr<int> int_ptr;
                                  ^
/home/evan/openMVG_Build/CMakeFiles/CMakeTmp/src.cxx:3:50: error: expected primary-expression before ‘int’
                                  std::shared_ptr<int> int_ptr;
                                                  ^
/home/evan/openMVG_Build/CMakeFiles/CMakeTmp/src.cxx:3:50: error: expected ‘;’ before ‘int’
gmake[1]: *** [CMakeFiles/cmTC_e9e29.dir/src.cxx.o] Error 1
gmake[1]: Leaving directory `/home/evan/openMVG_Build/CMakeFiles/CMakeTmp'
gmake: *** [cmTC_e9e29/fast] Error 2


Source file was:
#include <memory>
                               int main() {
                                 std::shared_ptr<int> int_ptr;
                                 return 0;
                               }
Performing C++ SOURCE FILE Test HAVE_SHARED_PTR_IN_TR1_NAMESPACE failed with the following output:
Change Dir: /home/evan/openMVG_Build/CMakeFiles/CMakeTmp

Run Build Command(s):/bin/gmake cmTC_446d8/fast && /bin/gmake  -f CMakeFiles/cmTC_446d8.dir/build.make CMakeFiles/cmTC_446d8.dir/build
gmake[1]: Entering directory `/home/evan/openMVG_Build/CMakeFiles/CMakeTmp'
Building CXX object CMakeFiles/cmTC_446d8.dir/src.cxx.o
/bin/c++ -DHAVE_SHARED_PTR_IN_TR1_NAMESPACE  -march=core-avx2 -msse2 -msse3 -mssse3 -msse4.1 -msse4.2 -mavx -mfma -mbmi2 -mavx2 -mno-sse4a -mno-xop -mno-fma4 -fopenmp -fopenmp  -march=core-avx2 -msse2 -msse3 -mssse3 -msse4.1 -msse4.2 -mavx -mfma -mbmi2 -mavx2 -mno-sse4a -mno-xop -mno-fma4 -fopenmp -fopenmp -o CMakeFiles/cmTC_446d8.dir/src.cxx.o -c /home/evan/openMVG_Build/CMakeFiles/CMakeTmp/src.cxx
/home/evan/openMVG_Build/CMakeFiles/CMakeTmp/src.cxx: In function ‘int main()’:
/home/evan/openMVG_Build/CMakeFiles/CMakeTmp/src.cxx:3:41: error: ‘std::tr1’ has not been declared
                                    std::tr1::shared_ptr<int> int_ptr;
                                         ^
/home/evan/openMVG_Build/CMakeFiles/CMakeTmp/src.cxx:3:57: error: expected primary-expression before ‘int’
                                    std::tr1::shared_ptr<int> int_ptr;
                                                         ^
/home/evan/openMVG_Build/CMakeFiles/CMakeTmp/src.cxx:3:57: error: expected ‘;’ before ‘int’
gmake[1]: *** [CMakeFiles/cmTC_446d8.dir/src.cxx.o] Error 1
gmake[1]: Leaving directory `/home/evan/openMVG_Build/CMakeFiles/CMakeTmp'
gmake: *** [cmTC_446d8/fast] Error 2


Source file was:
#include <memory>
                                 int main() {
                                   std::tr1::shared_ptr<int> int_ptr;
                                   return 0;
                                 }
